#
# A fatal error has been detected by the Java Runtime Environment:
#
#  Internal Error (javaClasses.cpp:136), pid=4668, tid=5000
#  fatal error: Invalid layout of preloaded class
#
# JRE version:  (7.0_45-b18) (build )
# Java VM: Java HotSpot(TM) 64-Bit Server VM (24.45-b08 mixed mode windows-amd64 compressed oops)
# Failed to write core dump. Minidumps are not enabled by default on client versions of Windows
#
# If you would like to submit a bug report, please visit:
#   http://bugreport.sun.com/bugreport/crash.jsp
#

---------------  T H R E A D  ---------------

Current thread (0x000000000231e000):  JavaThread "Unknown thread" [_thread_in_vm, id=5000, stack(0x0000000002430000,0x0000000002530000)]

Stack: [0x0000000002430000,0x0000000002530000]

---------------  P R O C E S S  ---------------

Java Threads: ( => current thread )

Other Threads:

=>0x000000000231e000 (exited) JavaThread "Unknown thread" [_thread_in_vm, id=5000, stack(0x0000000002430000,0x0000000002530000)]

VM state:not at safepoint (not fully initialized)

VM Mutex/Monitor currently owned by a thread: None

GC Heap History (0 events):
No events

Deoptimization events (0 events):
No events

Internal exceptions (0 events):
No events

Events (10 events):
Event: 0.144 loading class 0x00000000021fce00 done
Event: 0.145 loading class 0x00000000021fc820 done
Event: 0.145 loading class 0x00000000021fc800
Event: 0.145 loading class 0x0000000002204900
Event: 0.153 loading class 0x0000000002204900 done
Event: 0.153 loading class 0x0000000002204930
Event: 0.154 loading class 0x0000000002204930 done
Event: 0.154 loading class 0x0000000002204960
Event: 0.154 loading class 0x0000000002204960 done
Event: 0.154 loading class 0x00000000021fc800 done


Dynamic libraries:
0x000000013f7c0000 - 0x000000013f7f3000 	C:\Users\WINDOWS\AppData\Local\MyEclipse Professional 2014\binary\com.sun.java.jdk7.win32.x86_64_1.7.0.u45\bin\javaw.exe
0x0000000077c60000 - 0x0000000077e0b000 	C:\Windows\SYSTEM32\ntdll.dll
0x0000000077b40000 - 0x0000000077c5f000 	C:\Windows\system32\kernel32.dll
0x000007fefdee0000 - 0x000007fefdf4b000 	C:\Windows\system32\KERNELBASE.dll
0x000007feff6d0000 - 0x000007feff7ab000 	C:\Windows\system32\ADVAPI32.dll
0x000007feff000000 - 0x000007feff09f000 	C:\Windows\system32\msvcrt.dll
0x000007fefefe0000 - 0x000007fefefff000 	C:\Windows\SYSTEM32\sechost.dll
0x000007feff0f0000 - 0x000007feff21e000 	C:\Windows\system32\RPCRT4.dll
0x0000000077a40000 - 0x0000000077b3a000 	C:\Windows\system32\USER32.dll
0x000007feff3c0000 - 0x000007feff427000 	C:\Windows\system32\GDI32.dll
0x000007fefefd0000 - 0x000007fefefde000 	C:\Windows\system32\LPK.dll
0x000007feff430000 - 0x000007feff4fa000 	C:\Windows\system32\USP10.dll
0x000007fefc560000 - 0x000007fefc754000 	C:\Windows\WinSxS\amd64_microsoft.windows.common-controls_6595b64144ccf1df_6.0.7600.16385_none_fa645303170382f6\COMCTL32.dll
0x000007feffa30000 - 0x000007feffaa1000 	C:\Windows\system32\SHLWAPI.dll
0x000007fefdfb0000 - 0x000007fefdfde000 	C:\Windows\system32\IMM32.DLL
0x000007feff220000 - 0x000007feff329000 	C:\Windows\system32\MSCTF.dll
0x0000000074b60000 - 0x0000000074c32000 	C:\Users\WINDOWS\AppData\Local\MyEclipse Professional 2014\binary\com.sun.java.jdk7.win32.x86_64_1.7.0.u45\jre\bin\msvcr100.dll
0x0000000071590000 - 0x0000000071d59000 	C:\Users\WINDOWS\AppData\Local\MyEclipse Professional 2014\binary\com.sun.java.jdk7.win32.x86_64_1.7.0.u45\jre\bin\server\jvm.dll
0x000007fefce00000 - 0x000007fefce09000 	C:\Windows\system32\WSOCK32.dll
0x000007feff0a0000 - 0x000007feff0ed000 	C:\Windows\system32\WS2_32.dll
0x000007feff3b0000 - 0x000007feff3b8000 	C:\Windows\system32\NSI.dll
0x000007fef6300000 - 0x000007fef633b000 	C:\Windows\system32\WINMM.dll
0x0000000077e20000 - 0x0000000077e27000 	C:\Windows\system32\PSAPI.DLL
0x00000000758b0000 - 0x00000000758bf000 	C:\Users\WINDOWS\AppData\Local\MyEclipse Professional 2014\binary\com.sun.java.jdk7.win32.x86_64_1.7.0.u45\jre\bin\verify.dll
0x0000000074cf0000 - 0x0000000074d18000 	C:\Users\WINDOWS\AppData\Local\MyEclipse Professional 2014\binary\com.sun.java.jdk7.win32.x86_64_1.7.0.u45\jre\bin\java.dll
0x0000000074ca0000 - 0x0000000074cb5000 	C:\Users\WINDOWS\AppData\Local\MyEclipse Professional 2014\binary\com.sun.java.jdk7.win32.x86_64_1.7.0.u45\jre\bin\zip.dll

VM Arguments:
jvm_args: -Dfile.encoding=Cp1252 -Xbootclasspath:E:\programacion\android-sdks\platforms\android-18\android.jar 
java_command: com.mgl.drop.util.Test
Launcher Type: SUN_STANDARD

Environment Variables:
JAVA_HOME=C:\Program Files\Java\jdk1.7.0_71
PATH=C:\Windows\system32;C:\Windows;C:\Windows\System32\Wbem;C:\Windows\System32\WindowsPowerShell\v1.0\;C:\Program Files\TortoiseSVN\bin;C:\Program Files\Java\jdk1.7.0_71\bin
USERNAME=WINDOWS
OS=Windows_NT
PROCESSOR_IDENTIFIER=Intel64 Family 6 Model 42 Stepping 7, GenuineIntel



---------------  S Y S T E M  ---------------

OS: Windows 7 , 64 bit Build 7600 

CPU:total 4 (2 cores per cpu, 2 threads per core) family 6 model 42 stepping 7, cmov, cx8, fxsr, mmx, sse, sse2, sse3, ssse3, sse4.1, sse4.2, popcnt, ht, tsc, tscinvbit

Memory: 4k page, physical 4140912k(129272k free), swap 8279928k(2320136k free)

vm_info: Java HotSpot(TM) 64-Bit Server VM (24.45-b08) for windows-amd64 JRE (1.7.0_45-b18), built on Oct  8 2013 05:47:22 by "java_re" with unknown MS VC++:1600

time: Sun Jan 25 20:52:25 2015
elapsed time: 0 seconds

